<?xml version="1.0" encoding="UTF-8"?>
<testsuite xmlns:xsi="http://www.w3.org/2001/XMLSchema-instance" xsi:noNamespaceSchemaLocation="https://maven.apache.org/surefire/maven-surefire-plugin/xsd/surefire-test-report.xsd" name="com.datadog.monitoring.processor.SectionLoadLoggerTest" time="0.093" tests="2" errors="0" skipped="0" failures="0">
  <properties>
[...]
</properties>
  <testcase name="testLoggingOfMaxHits" classname="com.datadog.monitoring.processor.SectionLoadLoggerTest" time="0.088"/>
  <testcase name="testLoggingOfTrailingData" classname="com.datadog.monitoring.processor.SectionLoadLoggerTest" time="0.002"/>
</testsuite>